# JRE version: OpenJDK Runtime Environment (11.0.11+9) (build 11.0.11+9-b60-7590822)
# Java VM: OpenJDK 64-Bit Server VM (11.0.11+9-b60-7590822, mixed mode, tiered, compressed oops, g1 gc, windows-amd64)
Heap:
 garbage-first heap   total 527360K, used 302592K [0x0000000080000000, 0x0000000100000000)
  region size 1024K, 16 young (16384K), 6 survivors (6144K)
 Metaspace       used 136045K, capacity 139753K, committed 139980K, reserved 1171456K
  class space    used 17068K, capacity 18383K, committed 18432K, reserved 1048576K
GC Heap History (20 events):
Event: 824.422 GC heap before
{Heap before GC invocations=85 (full 0):
 garbage-first heap   total 369664K, used 204517K [0x0000000080000000, 0x0000000100000000)
  region size 1024K, 18 young (18432K), 3 survivors (3072K)
 Metaspace       used 127841K, capacity 131276K, committed 131532K, reserved 1163264K
  class space    used 15859K, capacity 17042K, committed 17152K, reserved 1048576K
}
Event: 824.435 GC heap after
{Heap after GC invocations=86 (full 0):
 garbage-first heap   total 369664K, used 164560K [0x0000000080000000, 0x0000000100000000)
  region size 1024K, 1 young (1024K), 1 survivors (1024K)
 Metaspace       used 127841K, capacity 131276K, committed 131532K, reserved 1163264K
  class space    used 15859K, capacity 17042K, committed 17152K, reserved 1048576K
}
Event: 826.637 GC heap before
{Heap before GC invocations=86 (full 0):
 garbage-first heap   total 369664K, used 261840K [0x0000000080000000, 0x0000000100000000)
  region size 1024K, 91 young (93184K), 1 survivors (1024K)
 Metaspace       used 129351K, capacity 132710K, committed 132940K, reserved 1165312K
  class space    used 16003K, capacity 17193K, committed 17280K, reserved 1048576K
}
Event: 826.648 GC heap after
{Heap after GC invocations=87 (full 0):
 garbage-first heap   total 369664K, used 169026K [0x0000000080000000, 0x0000000100000000)
  region size 1024K, 5 young (5120K), 5 survivors (5120K)
 Metaspace       used 129351K, capacity 132710K, committed 132940K, reserved 1165312K
  class space    used 16003K, capacity 17193K, committed 17280K, reserved 1048576K
}
Event: 829.001 GC heap before
{Heap before GC invocations=87 (full 0):
 garbage-first heap   total 369664K, used 243778K [0x0000000080000000, 0x0000000100000000)
  region size 1024K, 80 young (81920K), 5 survivors (5120K)
 Metaspace       used 129806K, capacity 133240K, committed 133452K, reserved 1165312K
  class space    used 16046K, capacity 17236K, committed 17280K, reserved 1048576K
}
Event: 829.022 GC heap after
{Heap after GC invocations=88 (full 0):
 garbage-first heap   total 369664K, used 173903K [0x0000000080000000, 0x0000000100000000)
  region size 1024K, 10 young (10240K), 10 survivors (10240K)
 Metaspace       used 129806K, capacity 133240K, committed 133452K, reserved 1165312K
  class space    used 16046K, capacity 17236K, committed 17280K, reserved 1048576K
}
Event: 830.414 GC heap before
{Heap before GC invocations=89 (full 0):
 garbage-first heap   total 369664K, used 311119K [0x0000000080000000, 0x0000000100000000)
  region size 1024K, 111 young (113664K), 10 survivors (10240K)
 Metaspace       used 131371K, capacity 134836K, committed 134988K, reserved 1167360K
  class space    used 16263K, capacity 17487K, committed 17536K, reserved 1048576K
}
Event: 830.503 GC heap after
{Heap after GC invocations=90 (full 0):
 garbage-first heap   total 369664K, used 221238K [0x0000000080000000, 0x0000000100000000)
  region size 1024K, 14 young (14336K), 14 survivors (14336K)
 Metaspace       used 131371K, capacity 134836K, committed 134988K, reserved 1167360K
  class space    used 16263K, capacity 17487K, committed 17536K, reserved 1048576K
}
Event: 830.526 GC heap before
{Heap before GC invocations=90 (full 0):
 garbage-first heap   total 369664K, used 225334K [0x0000000080000000, 0x0000000100000000)
  region size 1024K, 18 young (18432K), 14 survivors (14336K)
 Metaspace       used 131371K, capacity 134836K, committed 134988K, reserved 1167360K
  class space    used 16263K, capacity 17487K, committed 17536K, reserved 1048576K
}
Event: 830.768 GC heap after
{Heap after GC invocations=91 (full 0):
 garbage-first heap   total 527360K, used 212234K [0x0000000080000000, 0x0000000100000000)
  region size 1024K, 2 young (2048K), 2 survivors (2048K)
 Metaspace       used 131371K, capacity 134836K, committed 134988K, reserved 1167360K
  class space    used 16263K, capacity 17487K, committed 17536K, reserved 1048576K
}
Event: 833.573 GC heap before
{Heap before GC invocations=91 (full 0):
 garbage-first heap   total 527360K, used 312586K [0x0000000080000000, 0x0000000100000000)
  region size 1024K, 99 young (101376K), 2 survivors (2048K)
 Metaspace       used 134131K, capacity 137649K, committed 137804K, reserved 1169408K
  class space    used 16790K, capacity 18030K, committed 18048K, reserved 1048576K
}
Event: 833.711 GC heap after
{Heap after GC invocations=92 (full 0):
 garbage-first heap   total 527360K, used 251904K [0x0000000080000000, 0x0000000100000000)
  region size 1024K, 13 young (13312K), 13 survivors (13312K)
 Metaspace       used 134131K, capacity 137649K, committed 137804K, reserved 1169408K
  class space    used 16790K, capacity 18030K, committed 18048K, reserved 1048576K
}
Event: 833.853 GC heap before
{Heap before GC invocations=92 (full 0):
 garbage-first heap   total 527360K, used 264192K [0x0000000080000000, 0x0000000100000000)
  region size 1024K, 25 young (25600K), 13 survivors (13312K)
 Metaspace       used 134178K, capacity 137713K, committed 137804K, reserved 1169408K
  class space    used 16790K, capacity 18030K, committed 18048K, reserved 1048576K
}
Event: 833.922 GC heap after
{Heap after GC invocations=93 (full 0):
 garbage-first heap   total 527360K, used 258560K [0x0000000080000000, 0x0000000100000000)
  region size 1024K, 4 young (4096K), 4 survivors (4096K)
 Metaspace       used 134178K, capacity 137713K, committed 137804K, reserved 1169408K
  class space    used 16790K, capacity 18030K, committed 18048K, reserved 1048576K
}
Event: 834.084 GC heap before
{Heap before GC invocations=93 (full 0):
 garbage-first heap   total 527360K, used 280064K [0x0000000080000000, 0x0000000100000000)
  region size 1024K, 25 young (25600K), 4 survivors (4096K)
 Metaspace       used 134183K, capacity 137713K, committed 137804K, reserved 1169408K
  class space    used 16790K, capacity 18030K, committed 18048K, reserved 1048576K
}
Event: 834.110 GC heap after
{Heap after GC invocations=94 (full 0):
 garbage-first heap   total 527360K, used 269824K [0x0000000080000000, 0x0000000100000000)
  region size 1024K, 4 young (4096K), 4 survivors (4096K)
 Metaspace       used 134183K, capacity 137713K, committed 137804K, reserved 1169408K
  class space    used 16790K, capacity 18030K, committed 18048K, reserved 1048576K
}
Event: 834.284 GC heap before
{Heap before GC invocations=94 (full 0):
 garbage-first heap   total 527360K, used 297472K [0x0000000080000000, 0x0000000100000000)
  region size 1024K, 31 young (31744K), 4 survivors (4096K)
 Metaspace       used 134184K, capacity 137713K, committed 137804K, reserved 1169408K
  class space    used 16790K, capacity 18030K, committed 18048K, reserved 1048576K
}
Event: 834.314 GC heap after
{Heap after GC invocations=95 (full 0):
 garbage-first heap   total 527360K, used 284160K [0x0000000080000000, 0x0000000100000000)
  region size 1024K, 4 young (4096K), 4 survivors (4096K)
 Metaspace       used 134184K, capacity 137713K, committed 137804K, reserved 1169408K
  class space    used 16790K, capacity 18030K, committed 18048K, reserved 1048576K
}
Event: 837.162 GC heap before
{Heap before GC invocations=95 (full 0):
 garbage-first heap   total 527360K, used 322048K [0x0000000080000000, 0x0000000100000000)
  region size 1024K, 41 young (41984K), 4 survivors (4096K)
 Metaspace       used 135628K, capacity 139229K, committed 139340K, reserved 1171456K
  class space    used 16991K, capacity 18250K, committed 18304K, reserved 1048576K
}
Event: 837.191 GC heap after
{Heap after GC invocations=96 (full 0):
 garbage-first heap   total 527360K, used 294400K [0x0000000080000000, 0x0000000100000000)
  region size 1024K, 6 young (6144K), 6 survivors (6144K)
 Metaspace       used 135628K, capacity 139229K, committed 139340K, reserved 1171456K
  class space    used 16991K, capacity 18250K, committed 18304K, reserved 1048576K
}

