# JRE version: OpenJDK Runtime Environment (11.0.11+9) (build 11.0.11+9-b60-7590822)
# Java VM: OpenJDK 64-Bit Server VM (11.0.11+9-b60-7590822, mixed mode, tiered, compressed oops, g1 gc, windows-amd64)
Heap:
 garbage-first heap   total 673792K, used 213903K [0x0000000080000000, 0x0000000100000000)
  region size 1024K, 2 young (2048K), 2 survivors (2048K)
 Metaspace       used 96979K, capacity 99504K, committed 99836K, reserved 1136640K
  class space    used 12676K, capacity 13571K, committed 13696K, reserved 1048576K
GC Heap History (20 events):
Event: 17.297 GC heap after
{Heap after GC invocations=21 (full 0):
 garbage-first heap   total 227328K, used 87399K [0x0000000080000000, 0x0000000100000000)
  region size 1024K, 5 young (5120K), 5 survivors (5120K)
 Metaspace       used 85995K, capacity 88224K, committed 88316K, reserved 1126400K
  class space    used 11063K, capacity 11835K, committed 11904K, reserved 1048576K
}
Event: 18.062 GC heap before
{Heap before GC invocations=21 (full 0):
 garbage-first heap   total 227328K, used 167271K [0x0000000080000000, 0x0000000100000000)
  region size 1024K, 84 young (86016K), 5 survivors (5120K)
 Metaspace       used 88131K, capacity 90292K, committed 90364K, reserved 1128448K
  class space    used 11335K, capacity 12094K, committed 12160K, reserved 1048576K
}
Event: 18.075 GC heap after
{Heap after GC invocations=22 (full 0):
 garbage-first heap   total 227328K, used 90995K [0x0000000080000000, 0x0000000100000000)
  region size 1024K, 9 young (9216K), 9 survivors (9216K)
 Metaspace       used 88131K, capacity 90292K, committed 90364K, reserved 1128448K
  class space    used 11335K, capacity 12094K, committed 12160K, reserved 1048576K
}
Event: 19.717 GC heap before
{Heap before GC invocations=22 (full 0):
 garbage-first heap   total 227328K, used 181107K [0x0000000080000000, 0x0000000100000000)
  region size 1024K, 80 young (81920K), 9 survivors (9216K)
 Metaspace       used 91945K, capacity 94235K, committed 94460K, reserved 1130496K
  class space    used 11821K, capacity 12597K, committed 12672K, reserved 1048576K
}
Event: 19.738 GC heap after
{Heap after GC invocations=23 (full 0):
 garbage-first heap   total 227328K, used 117460K [0x0000000080000000, 0x0000000100000000)
  region size 1024K, 12 young (12288K), 12 survivors (12288K)
 Metaspace       used 91945K, capacity 94235K, committed 94460K, reserved 1130496K
  class space    used 11821K, capacity 12597K, committed 12672K, reserved 1048576K
}
Event: 20.236 GC heap before
{Heap before GC invocations=24 (full 0):
 garbage-first heap   total 227328K, used 174804K [0x0000000080000000, 0x0000000100000000)
  region size 1024K, 53 young (54272K), 12 survivors (12288K)
 Metaspace       used 92101K, capacity 94316K, committed 94716K, reserved 1132544K
  class space    used 11817K, capacity 12579K, committed 12672K, reserved 1048576K
}
Event: 20.317 GC heap after
{Heap after GC invocations=25 (full 0):
 garbage-first heap   total 227328K, used 143095K [0x0000000080000000, 0x0000000100000000)
  region size 1024K, 10 young (10240K), 10 survivors (10240K)
 Metaspace       used 92101K, capacity 94316K, committed 94716K, reserved 1132544K
  class space    used 11817K, capacity 12579K, committed 12672K, reserved 1048576K
}
Event: 20.867 GC heap before
{Heap before GC invocations=26 (full 0):
 garbage-first heap   total 227328K, used 182007K [0x0000000080000000, 0x0000000100000000)
  region size 1024K, 47 young (48128K), 10 survivors (10240K)
 Metaspace       used 94199K, capacity 96510K, committed 96636K, reserved 1132544K
  class space    used 12284K, capacity 13056K, committed 13056K, reserved 1048576K
}
Event: 20.921 GC heap after
{Heap after GC invocations=27 (full 0):
 garbage-first heap   total 227328K, used 156672K [0x0000000080000000, 0x0000000100000000)
  region size 1024K, 6 young (6144K), 6 survivors (6144K)
 Metaspace       used 94199K, capacity 96510K, committed 96636K, reserved 1132544K
  class space    used 12284K, capacity 13056K, committed 13056K, reserved 1048576K
}
Event: 21.162 GC heap before
{Heap before GC invocations=27 (full 0):
 garbage-first heap   total 227328K, used 184320K [0x0000000080000000, 0x0000000100000000)
  region size 1024K, 33 young (33792K), 6 survivors (6144K)
 Metaspace       used 94315K, capacity 96646K, committed 96892K, reserved 1132544K
  class space    used 12284K, capacity 13056K, committed 13056K, reserved 1048576K
}
Event: 21.201 GC heap after
{Heap after GC invocations=28 (full 0):
 garbage-first heap   total 227328K, used 171520K [0x0000000080000000, 0x0000000100000000)
  region size 1024K, 5 young (5120K), 5 survivors (5120K)
 Metaspace       used 94315K, capacity 96646K, committed 96892K, reserved 1132544K
  class space    used 12284K, capacity 13056K, committed 13056K, reserved 1048576K
}
Event: 21.300 GC heap before
{Heap before GC invocations=28 (full 0):
 garbage-first heap   total 227328K, used 187904K [0x0000000080000000, 0x0000000100000000)
  region size 1024K, 21 young (21504K), 5 survivors (5120K)
 Metaspace       used 94329K, capacity 96649K, committed 96892K, reserved 1132544K
  class space    used 12284K, capacity 13056K, committed 13056K, reserved 1048576K
}
Event: 21.557 GC heap after
{Heap after GC invocations=29 (full 0):
 garbage-first heap   total 336896K, used 181248K [0x0000000080000000, 0x0000000100000000)
  region size 1024K, 3 young (3072K), 3 survivors (3072K)
 Metaspace       used 94329K, capacity 96649K, committed 96892K, reserved 1132544K
  class space    used 12284K, capacity 13056K, committed 13056K, reserved 1048576K
}
Event: 22.918 GC heap before
{Heap before GC invocations=30 (full 0):
 garbage-first heap   total 336896K, used 234496K [0x0000000080000000, 0x0000000100000000)
  region size 1024K, 55 young (56320K), 3 survivors (3072K)
 Metaspace       used 94357K, capacity 96649K, committed 96892K, reserved 1132544K
  class space    used 12284K, capacity 13056K, committed 13056K, reserved 1048576K
}
Event: 22.971 GC heap after
{Heap after GC invocations=31 (full 0):
 garbage-first heap   total 336896K, used 208384K [0x0000000080000000, 0x0000000100000000)
  region size 1024K, 7 young (7168K), 7 survivors (7168K)
 Metaspace       used 94357K, capacity 96649K, committed 96892K, reserved 1132544K
  class space    used 12284K, capacity 13056K, committed 13056K, reserved 1048576K
}
Event: 23.582 GC heap before
{Heap before GC invocations=31 (full 0):
 garbage-first heap   total 336896K, used 250368K [0x0000000080000000, 0x0000000100000000)
  region size 1024K, 49 young (50176K), 7 survivors (7168K)
 Metaspace       used 96174K, capacity 98537K, committed 98812K, reserved 1134592K
  class space    used 12552K, capacity 13404K, committed 13440K, reserved 1048576K
}
Event: 23.632 GC heap after
{Heap after GC invocations=32 (full 0):
 garbage-first heap   total 336896K, used 223744K [0x0000000080000000, 0x0000000100000000)
  region size 1024K, 7 young (7168K), 7 survivors (7168K)
 Metaspace       used 96174K, capacity 98537K, committed 98812K, reserved 1134592K
  class space    used 12552K, capacity 13404K, committed 13440K, reserved 1048576K
}
Event: 25.692 GC heap before
{Heap before GC invocations=33 (full 0):
 garbage-first heap   total 336896K, used 246272K [0x0000000080000000, 0x0000000100000000)
  region size 1024K, 44 young (45056K), 7 survivors (7168K)
 Metaspace       used 96870K, capacity 99398K, committed 99452K, reserved 1134592K
  class space    used 12664K, capacity 13558K, committed 13568K, reserved 1048576K
}
Event: 25.735 GC heap after
{Heap after GC invocations=34 (full 0):
 garbage-first heap   total 336896K, used 215552K [0x0000000080000000, 0x0000000100000000)
  region size 1024K, 5 young (5120K), 5 survivors (5120K)
 Metaspace       used 96870K, capacity 99398K, committed 99452K, reserved 1134592K
  class space    used 12664K, capacity 13558K, committed 13568K, reserved 1048576K
}
Event: 25.968 GC heap before
{Heap before GC invocations=34 (full 0):
 garbage-first heap   total 336896K, used 226816K [0x0000000080000000, 0x0000000100000000)
  region size 1024K, 16 young (16384K), 5 survivors (5120K)
 Metaspace       used 96979K, capacity 99504K, committed 99836K, reserved 1136640K
  class space    used 12676K, capacity 13571K, committed 13696K, reserved 1048576K
}

